This file contains any messages produced by compilers while
running configure, to aid debugging if configure makes a mistake.

It was created by evolution configure 2.32.3, which was
generated by GNU Autoconf 2.69.  Invocation command line was

  $ ../configure --prefix=/MSYS2/mingw64 --build=x86_64-w64-mingw32 --host=x86_64-w64-mingw32 --target=x86_64-w64-mingw32 --enable-unicode --enable-unversioned-links --disable-multilib --sysconfdir=/MSYS2/mingw64/etc --sbindir=/MSYS2/mingw64/bin --bindir=/MSYS2/mingw64/bin --datadir=/MSYS2/mingw64/share --with-ssl -with-net-snmp --disable-usr-local --with-snmp-include=/MSYS2/mingw64/include/net-snmp --with-wxshared --with-snmp-lib=/MSYS2/mingw64/lib --with-wx-version=3.0 --disable-scrollkeeper --with-tcl=/mingw64/lib/tcl8.6 --with-tk=/mingw64/lib/tk8.6 --with-docbook-xsl-root=/MSYS2/mingw64/share/xml/docbook/xsl-stylesheets-1.79.2 --with-lz4=/MSYS2/mingw64--with-sqlite=/MSYS2/mingw64 --with-editor=vim.exe --disable-static --enable-shared --with-platform=win32 --with-gtk=2.0 --enable-introspection=no --with-openssl --enable-file-locking=no --enable-largefile --enable-ipv6=no --disable-ipv6 --disable-nm --disable-audio-inline --disable-weather --disable-pst-import --disable-ipv6 --disable-gnutls --enable-openssl --enable-ssl --enable-smime --enable-ipv6=no --enable-calendar=yes --enable-nntp --disable-gnome-keyring --enable-largefile --enable-schemas-install --enable-nntp --without-weather --disable-gnome-keyring --disable-nm --disable-weather --enable-python --enable-nss --enable-smime --disable-audio-inline --enable-maintainer-mode --disable-canberra

## --------- ##
## Platform. ##
## --------- ##


## ----------- ##
## confdefs.h. ##
## ----------- ##

/* confdefs.h */
#define PACKAGE_NAME "evolution"
#define PACKAGE_TARNAME "evolution"
#define PACKAGE_VERSION "2.32.3"
#define PACKAGE_STRING "evolution 2.32.3"
#define PACKAGE_BUGREPORT "http://bugzilla.gnome.org/enter_bug.cgi?product=Evolution"
#define PACKAGE_URL ""
#define PACKAGE "evolution"
#define VERSION "2.32.3"
#define VERSION_COMMENT ""
#define BASE_VERSION "2.32"
#define UPGRADE_REVISION "0"
#define STDC_HEADERS 1
#define HAVE_SYS_TYPES_H 1
#define HAVE_SYS_STAT_H 1
#define HAVE_STDLIB_H 1
#define HAVE_STRING_H 1
#define HAVE_MEMORY_H 1
#define HAVE_STRINGS_H 1
#define HAVE_INTTYPES_H 1
#define HAVE_STDINT_H 1
#define HAVE_UNISTD_H 1
#define HAVE_LOCALE_H 1
#define HAVE_BIND_TEXTDOMAIN_CODESET 1
#define HAVE_GETTEXT 1
#define HAVE_DCGETTEXT 1
#define ENABLE_NLS 1
#define GETTEXT_PACKAGE "evolution-2.32"
#define LT_OBJDIR ".libs/"
#define HAVE_TIMEZONE 1
#define HAVE_MKSTEMP 1
#define HAVE_ISBLANK 1
#define HAVE_SYS_PARAM_H 1
#define HAVE_CLUTTER 0
#define HAVE_LDAP 1
#define HANDLE_LIBICAL_MEMORY 1
#define HAVE_REGEXEC 1
#define ENABLE_SMIME 1
#define HAVE_NSS 1
#define HAVE_SSL 1
#define MOZILLA_NSS_LIB_DIR "D:/MSYS2/mingw64/bin/../lib"
#define HAVE_EVENTSYS_H 1
#define HAVE_SENSEVTS_H 1
#define HAVE_EVENTSYS_H 1
#define HAVE_SENSEVTS_H 1
#define HAVE_LIBNOTIFY 1
#define HAVE_ICAL_UNKNOWN_TOKEN_HANDLING 1
#define SUB_VERSION ""

configure: exit 0

## ---------------------- ##
## Running config.status. ##
## ---------------------- ##

This file was extended by evolution config.status 2.32.3, which was
generated by GNU Autoconf 2.69.  Invocation command line was

  CONFIG_FILES    = 
  CONFIG_HEADERS  = 
  CONFIG_LINKS    = 
  CONFIG_COMMANDS = 
  $ ./config.status plugins/mail-notification/Makefile depfiles

on xxxxxxxxxxxxxxxx

config.status:1748: creating plugins/mail-notification/Makefile
config.status:1967: executing depfiles commands
