This file contains any messages produced by compilers while
running configure, to aid debugging if configure makes a mistake.

It was created by evolution-data-server configure 2.32.3, which was
generated by GNU Autoconf 2.69.  Invocation command line was

  $ ../configure --prefix=/MSYS2/mingw64 --build=x86_64-w64-mingw32 --host=x86_64-w64-mingw32 --target=x86_64-w64-mingw32 --enable-unicode --enable-unversioned-links --disable-multilib --sysconfdir=/MSYS2/mingw64/etc --sbindir=/MSYS2/mingw64/bin --bindir=/MSYS2/mingw64/bin --datadir=/MSYS2/mingw64/share --with-ssl -with-net-snmp --disable-usr-local --with-snmp-include=/MSYS2/mingw64/include/net-snmp --with-wxshared --with-snmp-lib=/MSYS2/mingw64/lib --with-wx-version=3.0 --disable-scrollkeeper --with-tcl=/mingw64/lib/tcl8.6 --with-tk=/mingw64/lib/tk8.6 --with-docbook-xsl-root=/MSYS2/mingw64/share/xml/docbook/xsl-stylesheets-1.79.2 --with-lz4=/MSYS2/mingw64 --with-sqlite=/MSYS2/mingw64 --with-editor=vim.exe --disable-static --enable-shared --with-platform=win32 --disable-gtk3 --with-gtk=2.0 --enable-introspection=no --without-gnutls --with-openssl --enable-file-locking=no --enable-dot-locking=yes --enable-largefile --enable-nntp --without-weather --disable-canberra --disable-nm --disable-audio-inline --disable-weather --disable-pst-import --with-openldap --disable-gnome-keyring --enable-ssl --enable-maintainer-mode --enable-smime --enable-ipv6=no --enable-calendar=yes build_alias=x86_64-w64-mingw32 host_alias=x86_64-w64-mingw32 target_alias=x86_64-w64-mingw32 CC=gcc CFLAGS=-D__USE_MINGW_ANSI_STDIO=1 -D_POSIX_C_SOURCE -Wno-deprecated -Wno-deprecated-declarations -DGLIB_DISABLE_DEPRECATION_WARNINGS -O2 -pipe -mtune=generic -fomit-frame-pointer -DWIN32 -DWIN64 -D_WIN32_WINNT=0x0501 -DWINVER=0x0501 LIBS=-lz -lws2_32 -lregex -lversion CPPFLAGS=-D__USE_MINGW_ANSI_STDIO=1 -D_POSIX_C_SOURCE -Wno-deprecated -Wno-deprecated-declarations -DGLIB_DISABLE_DEPRECATION_WARNINGS -O2 -pipe -fomit-frame-pointer -mtune=generic -DWIN32 -DWIN64 -D_WIN32_WINNT=0x0501 -DWINVER=0x0501 PKG_CONFIG=/MSYS2/mingw64/bin/pkg-config.exe --no-create --no-recursion

## ----------- ##
## confdefs.h. ##
## ----------- ##

/* confdefs.h */
#define PACKAGE_NAME "evolution-data-server"
#define PACKAGE_TARNAME "evolution-data-server"
#define PACKAGE_VERSION "2.32.3"
#define PACKAGE_STRING "evolution-data-server 2.32.3"
#define PACKAGE_BUGREPORT "http://bugzilla.gnome.org/enter_bug.cgi?product=Evolution-Data-Server"
#define PACKAGE_URL ""
#define PACKAGE "evolution-data-server"
#define VERSION "2.32.3"
#define BASE_VERSION "2.32"
#define API_VERSION "1.2"
#define YYTEXT_POINTER 1
#define STDC_HEADERS 1
#define HAVE_SYS_TYPES_H 1
#define HAVE_SYS_STAT_H 1
#define HAVE_STDLIB_H 1
#define HAVE_STRING_H 1
#define HAVE_MEMORY_H 1
#define HAVE_STRINGS_H 1
#define HAVE_INTTYPES_H 1
#define HAVE_STDINT_H 1
#define HAVE_UNISTD_H 1
#define HAVE_LOCALE_H 1
#define HAVE_BIND_TEXTDOMAIN_CODESET 1
#define HAVE_GETTEXT 1
#define HAVE_DCGETTEXT 1
#define ENABLE_NLS 1
#define GETTEXT_PACKAGE "evolution-data-server-2.32"
#define LT_OBJDIR ".libs/"
#define _WIN32_WINNT 0x501
#define HAVE_ALLOCA 1
#define HAVE_STRTOK_R 1
#define HAVE_GDATA_07 1
#define HAVE_REGEXEC 1
#define ENABLE_SMIME 1
#define CAMEL_HAVE_NSS 1
#define CAMEL_HAVE_SSL 1
#define SENDMAIL_PATH "/usr/sbin/sendmail"
#define SYSTEM_MAIL_DIR "/var/mail"
#define HAVE_TIMEZONE 1
#define HAVE_SYS_PARAM_H 1
#define HAVE_WSPIAPI_H 1
#define ENABLE_CALENDAR 1
#define ENABLE_NNTP 1
#define HANDLE_LIBICAL_MEMORY 1
#define HAVE_LDAP 1
#define ENABLE_THREADS 1
#define HAVE_ICAL_UNKNOWN_TOKEN_HANDLING 1
#define _FILE_OFFSET_BITS 64
#define O_LARGEFILE 0
#define INTERFACE_VERSION "2.32"

configure: exit 0

## ---------------------- ##
## Running config.status. ##
## ---------------------- ##

This file was extended by evolution-data-server config.status 2.32.3, which was
generated by GNU Autoconf 2.69.  Invocation command line was

  CONFIG_FILES    = 
  CONFIG_HEADERS  = 
  CONFIG_LINKS    = 
  CONFIG_COMMANDS = 
  $ ./config.status 

on ithaca20

config.status:1492: creating Makefile
config.status:1492: creating evolution-data-server-zip
config.status:1492: creating evolution-data-server.pc
config.status:1492: creating addressbook/Makefile
config.status:1492: creating addressbook/libebook/Makefile
config.status:1492: creating addressbook/libebook/libebook.pc
config.status:1492: creating addressbook/libedata-book/Makefile
config.status:1492: creating addressbook/libedata-book/libedata-book.pc
config.status:1492: creating addressbook/libegdbus/Makefile
config.status:1492: creating addressbook/backends/Makefile
config.status:1492: creating addressbook/backends/file/Makefile
config.status:1492: creating addressbook/backends/vcf/Makefile
config.status:1492: creating addressbook/backends/ldap/Makefile
config.status:1492: creating addressbook/backends/google/Makefile
config.status:1492: creating addressbook/backends/groupwise/Makefile
config.status:1492: creating addressbook/backends/webdav/Makefile
config.status:1492: creating addressbook/tests/Makefile
config.status:1492: creating addressbook/tests/ebook/Makefile
config.status:1492: creating addressbook/tests/vcard/Makefile
config.status:1492: creating art/Makefile
config.status:1492: creating calendar/Makefile
config.status:1492: creating calendar/libecal/Makefile
config.status:1492: creating calendar/libecal/libecal.pc
config.status:1492: creating calendar/libedata-cal/Makefile
config.status:1492: creating calendar/libedata-cal/libedata-cal.pc
config.status:1492: creating calendar/libegdbus/Makefile
config.status:1492: creating calendar/backends/Makefile
config.status:1492: creating calendar/backends/caldav/Makefile
config.status:1492: creating calendar/backends/file/Makefile
config.status:1492: creating calendar/backends/groupwise/Makefile
config.status:1492: creating calendar/backends/http/Makefile
config.status:1492: creating calendar/backends/contacts/Makefile
config.status:1492: creating calendar/backends/weather/Makefile
config.status:1492: creating calendar/tests/Makefile
config.status:1492: creating calendar/tests/ecal/Makefile
config.status:1492: creating camel/Makefile
config.status:1492: creating camel/providers/Makefile
config.status:1492: creating camel/providers/groupwise/Makefile
config.status:1492: creating camel/providers/imap/Makefile
config.status:1492: creating camel/providers/imapx/Makefile
config.status:1492: creating camel/providers/local/Makefile
config.status:1492: creating camel/providers/nntp/Makefile
config.status:1492: creating camel/providers/pop3/Makefile
config.status:1492: creating camel/providers/sendmail/Makefile
config.status:1492: creating camel/providers/smtp/Makefile
config.status:1492: creating camel/tests/Makefile
config.status:1492: creating camel/tests/folder/Makefile
config.status:1492: creating camel/tests/lib/Makefile
config.status:1492: creating camel/tests/message/Makefile
config.status:1492: creating camel/tests/mime-filter/Makefile
config.status:1492: creating camel/tests/misc/Makefile
config.status:1492: creating camel/tests/smime/Makefile
config.status:1492: creating camel/tests/stream/Makefile
config.status:1492: creating camel/camel.pc
config.status:1492: creating camel/camel-provider.pc
config.status:1492: creating libebackend/Makefile
config.status:1492: creating libebackend/libebackend.pc
config.status:1492: creating libedataserver/Makefile
config.status:1492: creating libedataserver/eds-version.h
config.status:1492: creating libedataserver/libedataserver.pc
config.status:1492: creating libedataserverui/Makefile
config.status:1492: creating libedataserverui/libedataserverui.pc
config.status:1492: creating servers/Makefile
config.status:1492: creating servers/groupwise/Makefile
config.status:1492: creating servers/groupwise/libegroupwise.pc
config.status:1492: creating docs/Makefile
config.status:1492: creating docs/reference/Makefile
config.status:1492: creating docs/reference/addressbook/Makefile
config.status:1492: creating docs/reference/addressbook/libebook/Makefile
config.status:1492: creating docs/reference/addressbook/libedata-book/Makefile
config.status:1492: creating docs/reference/calendar/Makefile
config.status:1492: creating docs/reference/calendar/libecal/Makefile
config.status:1492: creating docs/reference/calendar/libedata-cal/Makefile
config.status:1492: creating docs/reference/camel/Makefile
config.status:1492: creating docs/reference/libedataserver/Makefile
config.status:1492: creating docs/reference/libedataserverui/Makefile
config.status:1492: creating docs/reference/libebackend/Makefile
config.status:1492: creating po/Makefile.in
config.status:1492: creating config.h
config.status:1663: config.h is unchanged
config.status:1711: executing depfiles commands
config.status:1711: executing default-1 commands
config.status:1711: executing libtool commands
config.status:1711: executing po/stamp-it commands

## ---------------------- ##
## Running config.status. ##
## ---------------------- ##

This file was extended by evolution-data-server config.status 2.32.3, which was
generated by GNU Autoconf 2.69.  Invocation command line was

  CONFIG_FILES    = 
  CONFIG_HEADERS  = 
  CONFIG_LINKS    = 
  CONFIG_COMMANDS = 
  $ ./config.status config.h

on ithaca20

config.status:1492: creating config.h
