This file contains any messages produced by compilers while
running configure, to aid debugging if configure makes a mistake.

It was created by evolution-exchange configure 2.32.3, which was
generated by GNU Autoconf 2.69.  Invocation command line was

  $ ../configure --prefix=/MSYS2/mingw64 --build=x86_64-w64-mingw32 --host=x86_64-w64-mingw32 --target=x86_64-w64-mingw32 --enable-unicode --enable-unversioned-links --disable-multilib --sysconfdir=/MSYS2/mingw64/etc --sbindir=/MSYS2/mingw64/bin --bindir=/MSYS2/mingw64/bin --datadir=/MSYS2/mingw64/share -with-net-snmp --disable-usr-local --with-snmp-include=/MSYS2/mingw64/include/net-snmp --with-wxshared --with-snmp-lib=/MSYS2/mingw64/lib --with-wx-version=3.0 --disable-scrollkeeper --with-tcl=/mingw64/lib/tcl8.6 --with-tk=/mingw64/lib/tk8.6 --with-docbook-xsl-root=/MSYS2/mingw64/share/xml/docbook/xsl-stylesheets-1.79.2 --with-lz4=/MSYS2/mingw64 --with-sqlite=/MSYS2/mingw64 --with-editor=vim.exe --disable-static --enable-shared --with-platform=win32 --with-gtk=2.0 --enable-file-locking=no --enable-largefile --disable-pst-import --disable-gnutls --enable-openssl --enable-ssl --enable-calendar=yes --enable-nntp --disable-gnome-keyring --enable-schemas-install --enable-nntp --without-weather --disable-nm --disable-weather --enable-python --enable-nss --enable-smime --disable-audio-inline --enable-maintainer-mode --disable-canberra


## ----------- ##
## confdefs.h. ##
## ----------- ##

/* confdefs.h */
#define PACKAGE_NAME "evolution-exchange"
#define PACKAGE_TARNAME "evolution-exchange"
#define PACKAGE_VERSION "2.32.3"
#define PACKAGE_STRING "evolution-exchange 2.32.3"
#define PACKAGE_BUGREPORT "http://bugzilla.gnome.org/enter_bug.cgi?product=Evolution%20Exchange"
#define PACKAGE_URL ""
#define PACKAGE "evolution-exchange"
#define VERSION "2.32.3"
#define STDC_HEADERS 1
#define HAVE_SYS_TYPES_H 1
#define HAVE_SYS_STAT_H 1
#define HAVE_STDLIB_H 1
#define HAVE_STRING_H 1
#define HAVE_MEMORY_H 1
#define HAVE_STRINGS_H 1
#define HAVE_INTTYPES_H 1
#define HAVE_STDINT_H 1
#define HAVE_UNISTD_H 1
#define LT_OBJDIR ".libs/"
#define HAVE_LOCALE_H 1
#define HAVE_BIND_TEXTDOMAIN_CODESET 1
#define HAVE_GETTEXT 1
#define HAVE_DCGETTEXT 1
#define ENABLE_NLS 1
#define GETTEXT_PACKAGE "evolution-exchange-2.32"
#define BASE_VERSION "2.32"
#define E2K_APPROX_BUILD_TIME 1676937600
#define HANDLE_LIBICAL_MEMORY 1
#define HAVE_LDAP 1
#define HAVE_LDAP_PAGED 1
#define ENABLE_CACHE 1

configure: exit 0
