This file contains any messages produced by compilers while
running configure, to aid debugging if configure makes a mistake.

It was created by evolution-rss configure 0.2.6, which was
generated by GNU Autoconf 2.69.  Invocation command line was

  $ ../configure --prefix=/MSYS2/mingw64 --build=x86_64-w64-mingw32 --host=x86_64-w64-mingw32 --target=x86_64-w64-mingw32 --enable-unicode --enable-unversioned-links --disable-multilib --sysconfdir=/MSYS2/mingw64/etc --sbindir=/MSYS2/mingw64/bin --bindir=/MSYS2/mingw64/bin --datadir=/MSYS2/mingw64/share --disable-static --enable-shared --enable-largefile --enable-maintainer-mode --disable-webkit --enable-iso-c --with-primary-render=gtkhtml

## ----------- ##
## confdefs.h. ##
## ----------- ##

/* confdefs.h */
#define PACKAGE_NAME "evolution-rss"
#define PACKAGE_TARNAME "evolution-rss"
#define PACKAGE_VERSION "0.2.6"
#define PACKAGE_STRING "evolution-rss 0.2.6"
#define PACKAGE_BUGREPORT "http://bugzilla.gnome.org/enter_bug.cgi?product=evolution-rss"
#define PACKAGE_URL ""
#define PACKAGE "evolution-rss"
#define VERSION "0.2.6"
#define STDC_HEADERS 1
#define HAVE_SYS_TYPES_H 1
#define HAVE_SYS_STAT_H 1
#define HAVE_STDLIB_H 1
#define HAVE_STRING_H 1
#define HAVE_MEMORY_H 1
#define HAVE_STRINGS_H 1
#define HAVE_INTTYPES_H 1
#define HAVE_STDINT_H 1
#define HAVE_UNISTD_H 1
#define HAVE_DLFCN_H 1
#define LT_OBJDIR ".libs/"
#define EVOLUTION_2_12 1
#define HAVE_GTKHTMLEDITOR 1
#define HAVE_LIBSOUP_GNOME 1
#define HAVE_LOCALE_H 1
#define HAVE_BIND_TEXTDOMAIN_CODESET 1
#define HAVE_GETTEXT 1
#define HAVE_DCGETTEXT 1
#define ENABLE_NLS 1
#define GETTEXT_PACKAGE "evolution-rss"
#define GNOMELOCALEDIR "/MSYS2/mingw64/share/locale"
